<?xml version="1.0" encoding="UTF-8"?>
<!-- Generated by org.testng.reporters.JUnitReportReporter -->
<testsuite hostname="KAUSTABH" failures="0" tests="1" name="Test1" time="0.010" errors="0" timestamp="2023-08-21T09:10:03 IST" skipped="0">
  <testcase classname="Test1" name="demo" time="0.010"/>
  <system-out/>
</testsuite> <!-- Test1 -->
